android/build/outputs/logs/manifest-merger-debug-report.txt
-- Merging decision tree log ---
manifest
ADDED from funcry\android\AndroidManifest.xml:2:1-25:12
	package
		ADDED from funcry\android\AndroidManifest.xml:3:5-35
		INJECTED from funcry\android\AndroidManifest.xml
		INJECTED from funcry\android\AndroidManifest.xml
	android:versionName
		ADDED from funcry\android\AndroidManifest.xml:5:5-30
		INJECTED from funcry\android\AndroidManifest.xml
		INJECTED from funcry\android\AndroidManifest.xml
	android:versionCode
		ADDED from funcry\android\AndroidManifest.xml:4:5-28
		INJECTED from funcry\android\AndroidManifest.xml
		INJECTED from funcry\android\AndroidManifest.xml
	xmlns:android
		ADDED from funcry\android\AndroidManifest.xml:2:11-69
uses-sdk
ADDED from funcry\android\AndroidManifest.xml:7:5-73
	android:targetSdkVersion
		ADDED from funcry\android\AndroidManifest.xml:7:41-70
		INJECTED from funcry\android\AndroidManifest.xml
		INJECTED from funcry\android\AndroidManifest.xml
	android:minSdkVersion
		ADDED from funcry\android\AndroidManifest.xml:7:15-40
		INJECTED from funcry\android\AndroidManifest.xml
		INJECTED from funcry\android\AndroidManifest.xml
application
ADDED from funcry\android\AndroidManifest.xml:8:5-23:19
	android:label
		ADDED from funcry\android\AndroidManifest.xml:11:9-41
	android:allowBackup
		ADDED from funcry\android\AndroidManifest.xml:9:9-35
	android:icon
		ADDED from funcry\android\AndroidManifest.xml:10:9-45
	android:theme
		ADDED from funcry\android\AndroidManifest.xml:12:9-40
activity#com.amerticum.funcry.AndroidLauncher
ADDED from funcry\android\AndroidManifest.xml:13:9-22:20
	android:screenOrientation
		ADDED from funcry\android\AndroidManifest.xml:16:13-49
	android:label
		ADDED from funcry\android\AndroidManifest.xml:15:13-45
	android:configChanges
		ADDED from funcry\android\AndroidManifest.xml:17:13-83
	android:name
		ADDED from funcry\android\AndroidManifest.xml:14:13-64
intent-filter#android.intent.action.MAIN+android.intent.category.LAUNCHER
ADDED from funcry\android\AndroidManifest.xml:18:13-21:29
action#android.intent.action.MAIN
ADDED from funcry\android\AndroidManifest.xml:19:17-69
	android:name
		ADDED from funcry\android\AndroidManifest.xml:19:25-66
category#android.intent.category.LAUNCHER
ADDED from funcry\android\AndroidManifest.xml:20:17-77
	android:name
		ADDED from funcry\android\AndroidManifest.xml:20:27-74